{"name":"Successfull register","id":"register-user-in-utest-page;successfull-register","testSteps":[{"number":1,"description":"Given the user is on the utest page","duration":3519,"startTime":"2022-08-24T21:26:53.176345900-05:00[America/Bogota]","screenshots":[{"screenshot":"2d020f373a9548a86ff9d83a1835e714f77d3b006329dc0d08c6e39290d126c9.png","timeStamp":1661394416696}],"result":"SUCCESS","precondition":false,"level":0,"children":[{"number":2,"description":"The user open the browser","duration":3021,"startTime":"2022-08-24T21:26:53.663201100-05:00[America/Bogota]","screenshots":[{"screenshot":"2d020f373a9548a86ff9d83a1835e714f77d3b006329dc0d08c6e39290d126c9.png","timeStamp":1661394416684}],"result":"SUCCESS","precondition":false,"level":1,"children":[{"number":3,"description":"the user opens the Initial page","duration":2992,"startTime":"2022-08-24T21:26:53.678623500-05:00[America/Bogota]","screenshots":[{"screenshot":"2d020f373a9548a86ff9d83a1835e714f77d3b006329dc0d08c6e39290d126c9.png","timeStamp":1661394416670}],"result":"SUCCESS","precondition":false,"level":2}]}]},{"number":4,"description":"And go to the register module","duration":37844,"startTime":"2022-08-24T21:26:56.698186200-05:00[America/Bogota]","screenshots":[{"screenshot":"2d020f373a9548a86ff9d83a1835e714f77d3b006329dc0d08c6e39290d126c9.png","timeStamp":1661394416705}],"exception":{"errorType":"net.thucydides.core.webdriver.exceptions.ElementShouldBeEnabledException","message":"Expected enabled element was not enabled","stackTrace":[{"classLoaderName":"app","declaringClass":"com.choucair.technicalchallenge.tasks.GoToRegisterModule","methodName":"performAs","fileName":"GoToRegisterModule.java","lineNumber":12,"format":1},{"classLoaderName":"app","declaringClass":"com.choucair.technicalchallenge.stepdefinitions.RegisterUserInUtestStepDefinitions","methodName":"goToTheRegisterModule","fileName":"RegisterUserInUtestStepDefinitions.java","lineNumber":27,"format":1},{"classLoaderName":"app","declaringClass":"cucumber.runner.Runner","methodName":"runPickle","fileName":"Runner.java","lineNumber":80,"format":1}],"rootCause":{"errorType":"org.openqa.selenium.TimeoutException","message":"Expected condition failed: waiting for By.xpath: //a[@ui-sref\u003d\u0027signup.personal\u0027] to be enabled (tried for 5 second(s) with 100 milliseconds interval)","stackTrace":[{"classLoaderName":"app","declaringClass":"com.choucair.technicalchallenge.tasks.GoToRegisterModule","methodName":"performAs","fileName":"GoToRegisterModule.java","lineNumber":12,"format":1},{"classLoaderName":"app","declaringClass":"com.choucair.technicalchallenge.stepdefinitions.RegisterUserInUtestStepDefinitions","methodName":"goToTheRegisterModule","fileName":"RegisterUserInUtestStepDefinitions.java","lineNumber":27,"format":1},{"classLoaderName":"app","declaringClass":"cucumber.runner.Runner","methodName":"runPickle","fileName":"Runner.java","lineNumber":80,"format":1}],"rootCause":{"errorType":"org.openqa.selenium.NoSuchElementException","message":"Cannot locate an element using xpath\u003d//a[@ui-sref\u003d\u0027signup.personal\u0027]\nFor documentation on this error, please visit: https://www.seleniumhq.org/exceptions/no_such_element.html\nBuild info: version: \u00273.141.59\u0027, revision: \u0027e82be7d358\u0027, time: \u00272018-11-14T08:17:03\u0027\nSystem info: host: \u0027DESKTOP-GMPAGCM\u0027, ip: \u0027192.168.1.85\u0027, os.name: \u0027Windows 10\u0027, os.arch: \u0027amd64\u0027, os.version: \u002710.0\u0027, java.version: \u002711.0.12\u0027\nDriver info: driver.version: RemoteWebDriver","stackTrace":[{"classLoaderName":"app","declaringClass":"com.choucair.technicalchallenge.tasks.GoToRegisterModule","methodName":"performAs","fileName":"GoToRegisterModule.java","lineNumber":12,"format":1},{"classLoaderName":"app","declaringClass":"com.choucair.technicalchallenge.stepdefinitions.RegisterUserInUtestStepDefinitions","methodName":"goToTheRegisterModule","fileName":"RegisterUserInUtestStepDefinitions.java","lineNumber":27,"format":1},{"classLoaderName":"app","declaringClass":"cucumber.runner.Runner","methodName":"runPickle","fileName":"Runner.java","lineNumber":80,"format":1}]}}},"result":"FAILURE","precondition":false,"level":0,"children":[{"number":5,"description":"The user go to register module","duration":37816,"startTime":"2022-08-24T21:26:56.716695100-05:00[America/Bogota]","screenshots":[{"screenshot":"2d020f373a9548a86ff9d83a1835e714f77d3b006329dc0d08c6e39290d126c9.png","timeStamp":1661394416843}],"exception":{"errorType":"net.thucydides.core.webdriver.exceptions.ElementShouldBeEnabledException","message":"Expected enabled element was not enabled","stackTrace":[{"classLoaderName":"app","declaringClass":"com.choucair.technicalchallenge.tasks.GoToRegisterModule","methodName":"performAs","fileName":"GoToRegisterModule.java","lineNumber":12,"format":1},{"classLoaderName":"app","declaringClass":"com.choucair.technicalchallenge.stepdefinitions.RegisterUserInUtestStepDefinitions","methodName":"goToTheRegisterModule","fileName":"RegisterUserInUtestStepDefinitions.java","lineNumber":27,"format":1},{"classLoaderName":"app","declaringClass":"cucumber.runner.Runner","methodName":"runPickle","fileName":"Runner.java","lineNumber":80,"format":1}],"rootCause":{"errorType":"org.openqa.selenium.TimeoutException","message":"Expected condition failed: waiting for By.xpath: //a[@ui-sref\u003d\u0027signup.personal\u0027] to be enabled (tried for 5 second(s) with 100 milliseconds interval)","stackTrace":[{"classLoaderName":"app","declaringClass":"com.choucair.technicalchallenge.tasks.GoToRegisterModule","methodName":"performAs","fileName":"GoToRegisterModule.java","lineNumber":12,"format":1},{"classLoaderName":"app","declaringClass":"com.choucair.technicalchallenge.stepdefinitions.RegisterUserInUtestStepDefinitions","methodName":"goToTheRegisterModule","fileName":"RegisterUserInUtestStepDefinitions.java","lineNumber":27,"format":1},{"classLoaderName":"app","declaringClass":"cucumber.runner.Runner","methodName":"runPickle","fileName":"Runner.java","lineNumber":80,"format":1}],"rootCause":{"errorType":"org.openqa.selenium.NoSuchElementException","message":"Cannot locate an element using xpath\u003d//a[@ui-sref\u003d\u0027signup.personal\u0027]\nFor documentation on this error, please visit: https://www.seleniumhq.org/exceptions/no_such_element.html\nBuild info: version: \u00273.141.59\u0027, revision: \u0027e82be7d358\u0027, time: \u00272018-11-14T08:17:03\u0027\nSystem info: host: \u0027DESKTOP-GMPAGCM\u0027, ip: \u0027192.168.1.85\u0027, os.name: \u0027Windows 10\u0027, os.arch: \u0027amd64\u0027, os.version: \u002710.0\u0027, java.version: \u002711.0.12\u0027\nDriver info: driver.version: RemoteWebDriver","stackTrace":[{"classLoaderName":"app","declaringClass":"com.choucair.technicalchallenge.tasks.GoToRegisterModule","methodName":"performAs","fileName":"GoToRegisterModule.java","lineNumber":12,"format":1},{"classLoaderName":"app","declaringClass":"com.choucair.technicalchallenge.stepdefinitions.RegisterUserInUtestStepDefinitions","methodName":"goToTheRegisterModule","fileName":"RegisterUserInUtestStepDefinitions.java","lineNumber":27,"format":1},{"classLoaderName":"app","declaringClass":"cucumber.runner.Runner","methodName":"runPickle","fileName":"Runner.java","lineNumber":80,"format":1}]}}},"result":"FAILURE","precondition":false,"level":1,"children":[{"number":6,"description":"the user clicks on Sign Up","duration":37666,"startTime":"2022-08-24T21:26:56.851813500-05:00[America/Bogota]","screenshots":[{"screenshot":"2d020f373a9548a86ff9d83a1835e714f77d3b006329dc0d08c6e39290d126c9.png","timeStamp":1661394416867}],"exception":{"errorType":"net.thucydides.core.webdriver.exceptions.ElementShouldBeEnabledException","message":"Expected enabled element was not enabled","stackTrace":[{"classLoaderName":"app","declaringClass":"com.choucair.technicalchallenge.tasks.GoToRegisterModule","methodName":"performAs","fileName":"GoToRegisterModule.java","lineNumber":12,"format":1},{"classLoaderName":"app","declaringClass":"com.choucair.technicalchallenge.stepdefinitions.RegisterUserInUtestStepDefinitions","methodName":"goToTheRegisterModule","fileName":"RegisterUserInUtestStepDefinitions.java","lineNumber":27,"format":1},{"classLoaderName":"app","declaringClass":"cucumber.runner.Runner","methodName":"runPickle","fileName":"Runner.java","lineNumber":80,"format":1}],"rootCause":{"errorType":"org.openqa.selenium.TimeoutException","message":"Expected condition failed: waiting for By.xpath: //a[@ui-sref\u003d\u0027signup.personal\u0027] to be enabled (tried for 5 second(s) with 100 milliseconds interval)","stackTrace":[{"classLoaderName":"app","declaringClass":"com.choucair.technicalchallenge.tasks.GoToRegisterModule","methodName":"performAs","fileName":"GoToRegisterModule.java","lineNumber":12,"format":1},{"classLoaderName":"app","declaringClass":"com.choucair.technicalchallenge.stepdefinitions.RegisterUserInUtestStepDefinitions","methodName":"goToTheRegisterModule","fileName":"RegisterUserInUtestStepDefinitions.java","lineNumber":27,"format":1},{"classLoaderName":"app","declaringClass":"cucumber.runner.Runner","methodName":"runPickle","fileName":"Runner.java","lineNumber":80,"format":1}],"rootCause":{"errorType":"org.openqa.selenium.NoSuchElementException","message":"Cannot locate an element using xpath\u003d//a[@ui-sref\u003d\u0027signup.personal\u0027]\nFor documentation on this error, please visit: https://www.seleniumhq.org/exceptions/no_such_element.html\nBuild info: version: \u00273.141.59\u0027, revision: \u0027e82be7d358\u0027, time: \u00272018-11-14T08:17:03\u0027\nSystem info: host: \u0027DESKTOP-GMPAGCM\u0027, ip: \u0027192.168.1.85\u0027, os.name: \u0027Windows 10\u0027, os.arch: \u0027amd64\u0027, os.version: \u002710.0\u0027, java.version: \u002711.0.12\u0027\nDriver info: driver.version: RemoteWebDriver","stackTrace":[{"classLoaderName":"app","declaringClass":"com.choucair.technicalchallenge.tasks.GoToRegisterModule","methodName":"performAs","fileName":"GoToRegisterModule.java","lineNumber":12,"format":1},{"classLoaderName":"app","declaringClass":"com.choucair.technicalchallenge.stepdefinitions.RegisterUserInUtestStepDefinitions","methodName":"goToTheRegisterModule","fileName":"RegisterUserInUtestStepDefinitions.java","lineNumber":27,"format":1},{"classLoaderName":"app","declaringClass":"cucumber.runner.Runner","methodName":"runPickle","fileName":"Runner.java","lineNumber":80,"format":1}]}}},"result":"FAILURE","precondition":false,"level":2}]}]},{"number":7,"description":"When enter his dates in the module","duration":7,"startTime":"2022-08-24T21:27:34.563085800-05:00[America/Bogota]","result":"SKIPPED","precondition":false,"level":0},{"number":8,"description":"Then should see the welcome message","duration":7,"startTime":"2022-08-24T21:27:34.572095900-05:00[America/Bogota]","result":"SKIPPED","precondition":false,"level":0}],"userStory":{"id":"register-user-in-utest-page","storyName":"Register user in utest page","path":"src/test/resources/features/register_user_in_utest.feature","narrative":"  As a page utest user\n  I want to register in the utest page\n  So that I login","type":"feature"},"featureTag":{"name":"Features/Register user in utest page","type":"feature","displayName":"Features/Register user in utest page"},"title":"Successfull register","tags":[{"name":"Register user in utest page","type":"feature","displayName":"Register user in utest page"},{"name":"chrome","type":"context","displayName":"chrome"}],"startTime":"2022-08-24T21:26:53.027917700-05:00[America/Bogota]","duration":41554,"testFailureCause":{"errorType":"net.thucydides.core.webdriver.exceptions.ElementShouldBeEnabledException","message":"Expected enabled element was not enabled","stackTrace":[{"classLoaderName":"app","declaringClass":"com.choucair.technicalchallenge.tasks.GoToRegisterModule","methodName":"performAs","fileName":"GoToRegisterModule.java","lineNumber":12,"format":1},{"classLoaderName":"app","declaringClass":"com.choucair.technicalchallenge.stepdefinitions.RegisterUserInUtestStepDefinitions","methodName":"goToTheRegisterModule","fileName":"RegisterUserInUtestStepDefinitions.java","lineNumber":27,"format":1},{"classLoaderName":"app","declaringClass":"cucumber.runner.Runner","methodName":"runPickle","fileName":"Runner.java","lineNumber":80,"format":1}],"rootCause":{"errorType":"org.openqa.selenium.TimeoutException","message":"Expected condition failed: waiting for By.xpath: //a[@ui-sref\u003d\u0027signup.personal\u0027] to be enabled (tried for 5 second(s) with 100 milliseconds interval)","stackTrace":[{"classLoaderName":"app","declaringClass":"com.choucair.technicalchallenge.tasks.GoToRegisterModule","methodName":"performAs","fileName":"GoToRegisterModule.java","lineNumber":12,"format":1},{"classLoaderName":"app","declaringClass":"com.choucair.technicalchallenge.stepdefinitions.RegisterUserInUtestStepDefinitions","methodName":"goToTheRegisterModule","fileName":"RegisterUserInUtestStepDefinitions.java","lineNumber":27,"format":1},{"classLoaderName":"app","declaringClass":"cucumber.runner.Runner","methodName":"runPickle","fileName":"Runner.java","lineNumber":80,"format":1}],"rootCause":{"errorType":"org.openqa.selenium.NoSuchElementException","message":"Cannot locate an element using xpath\u003d//a[@ui-sref\u003d\u0027signup.personal\u0027]\nFor documentation on this error, please visit: https://www.seleniumhq.org/exceptions/no_such_element.html\nBuild info: version: \u00273.141.59\u0027, revision: \u0027e82be7d358\u0027, time: \u00272018-11-14T08:17:03\u0027\nSystem info: host: \u0027DESKTOP-GMPAGCM\u0027, ip: \u0027192.168.1.85\u0027, os.name: \u0027Windows 10\u0027, os.arch: \u0027amd64\u0027, os.version: \u002710.0\u0027, java.version: \u002711.0.12\u0027\nDriver info: driver.version: RemoteWebDriver","stackTrace":[{"classLoaderName":"app","declaringClass":"com.choucair.technicalchallenge.tasks.GoToRegisterModule","methodName":"performAs","fileName":"GoToRegisterModule.java","lineNumber":12,"format":1},{"classLoaderName":"app","declaringClass":"com.choucair.technicalchallenge.stepdefinitions.RegisterUserInUtestStepDefinitions","methodName":"goToTheRegisterModule","fileName":"RegisterUserInUtestStepDefinitions.java","lineNumber":27,"format":1},{"classLoaderName":"app","declaringClass":"cucumber.runner.Runner","methodName":"runPickle","fileName":"Runner.java","lineNumber":80,"format":1}]}}},"testFailureClassname":"net.thucydides.core.webdriver.exceptions.ElementShouldBeEnabledException","testFailureMessage":"Expected enabled element was not enabled","testFailureSummary":"FAILURE;net.thucydides.core.webdriver.exceptions.ElementShouldBeEnabledException;Expected enabled element was not enabled;GoToRegisterModule.java","projectKey":"","annotatedResult":"FAILURE","sessionId":"27ffce5363ec66f9838fb25670851caf","driver":"chrome:the user","isManualTestingUpToDate":false,"context":"chrome","manual":false,"testSource":"Cucumber","actors":[{"name":"the user","can":["browse the web"]}],"result":"FAILURE"}